Base path: '/Applications/Unity/Hub/Editor/2019.4.0f1/Unity.app/Contents', plugins path '/Applications/Unity/Hub/Editor/2019.4.0f1/Unity.app/Contents/PlaybackEngines'
Cmd: initializeCompiler
Cmd: compileComputeKernel
  api=14 insize=12109 outsize=3286 ok=1
Cmd: translateComputeKernel
  api=14 insize=3516 outsize=4140 ok=1
Cmd: compileComputeKernel
  api=14 insize=11985 outsize=2853 ok=1
Cmd: compileComputeKernel
  api=14 insize=11985 outsize=2882 ok=1
Cmd: translateComputeKernel
  api=14 insize=2923 outsize=3717 ok=1
Cmd: translateComputeKernel
  api=14 insize=3069 outsize=3955 ok=1
Cmd: compileComputeKernel
  api=14 insize=18301 outsize=7749 ok=1
Cmd: translateComputeKernel
  api=14 insize=3971 outsize=5589 ok=1
Cmd: compileComputeKernel
  api=14 insize=66874 outsize=5242 ok=1
Cmd: compileComputeKernel
  api=14 insize=66874 outsize=4161 ok=1
Cmd: compileComputeKernel
  api=14 insize=66874 outsize=3456 ok=1
Cmd: compileComputeKernel
  api=14 insize=66874 outsize=3501 ok=1
Cmd: compileComputeKernel
  api=14 insize=66874 outsize=3491 ok=1
Cmd: compileComputeKernel
  api=14 insize=66874 outsize=3519 ok=1
Cmd: compileComputeKernel
  api=14 insize=66874 outsize=4491 ok=1
Cmd: compileComputeKernel
  api=14 insize=66874 outsize=4230 ok=1
Cmd: compileComputeKernel
  api=14 insize=66874 outsize=4142 ok=1
Cmd: compileComputeKernel
  api=14 insize=66874 outsize=4765 ok=1
Cmd: translateComputeKernel
  api=14 insize=4447 outsize=4592 ok=1
Cmd: translateComputeKernel
  api=14 insize=4273 outsize=4211 ok=1
Cmd: translateComputeKernel
  api=14 insize=4148 outsize=4156 ok=1
Cmd: translateComputeKernel
  api=14 insize=4548 outsize=4753 ok=1
Cmd: translateComputeKernel
  api=14 insize=4097 outsize=3921 ok=1
Cmd: translateComputeKernel
  api=14 insize=4495 outsize=4578 ok=1
Cmd: translateComputeKernel
  api=14 insize=4124 outsize=3960 ok=1
Cmd: translateComputeKernel
  api=14 insize=4702 outsize=5292 ok=1
Cmd: translateComputeKernel
  api=14 insize=4783 outsize=5431 ok=1
Cmd: translateComputeKernel
  api=14 insize=4139 outsize=3970 ok=1
Cmd: translateComputeKernel
  api=14 insize=6190 outsize=8279 ok=1
Cmd: translateComputeKernel
  api=14 insize=6800 outsize=11380 ok=1
Cmd: compileComputeKernel
  api=14 insize=34089 outsize=1156 ok=1
Cmd: compileComputeKernel
  api=14 insize=34089 outsize=2231 ok=1
Cmd: compileComputeKernel
  api=14 insize=34089 outsize=1205 ok=1
Cmd: compileComputeKernel
  api=14 insize=34089 outsize=2764 ok=1
Cmd: compileComputeKernel
  api=14 insize=34089 outsize=2841 ok=1
Cmd: compileComputeKernel
  api=14 insize=34089 outsize=2783 ok=1
Cmd: compileComputeKernel
  api=14 insize=34089 outsize=3103 ok=1
Cmd: translateComputeKernel
  api=14 insize=1404 outsize=1444 ok=1
Cmd: translateComputeKernel
  api=14 insize=1572 outsize=1659 ok=1
Cmd: translateComputeKernel
  api=14 insize=2502 outsize=2517 ok=1
Cmd: translateComputeKernel
  api=14 insize=2954 outsize=3410 ok=1
Cmd: translateComputeKernel
  api=14 insize=3130 outsize=3823 ok=1
Cmd: translateComputeKernel
  api=14 insize=3045 outsize=3728 ok=1
Cmd: translateComputeKernel
  api=14 insize=2917 outsize=3368 ok=1
Cmd: translateComputeKernel
  api=14 insize=2898 outsize=3542 ok=1
Cmd: compileComputeKernel
  api=14 insize=79248 outsize=28029 ok=1
Cmd: translateComputeKernel
  api=14 insize=35531 outsize=69798 ok=1
Cmd: translateComputeKernel
  api=14 insize=3006 outsize=4071 ok=1

Quitting shader compiler process
