Base path: '/Applications/Unity/Hub/Editor/2019.4.0f1/Unity.app/Contents', plugins path '/Applications/Unity/Hub/Editor/2019.4.0f1/Unity.app/Contents/PlaybackEngines'
Cmd: initializeCompiler
Cmd: compileComputeKernel
  api=14 insize=12109 outsize=3671 ok=1
Cmd: compileComputeKernel
  api=14 insize=12109 outsize=2988 ok=1
Cmd: translateComputeKernel
  api=14 insize=4522 outsize=5936 ok=1
Cmd: compileComputeKernel
  api=14 insize=11985 outsize=2853 ok=1
Cmd: compileComputeKernel
  api=14 insize=11985 outsize=2999 ok=1
Cmd: translateComputeKernel
  api=14 insize=3363 outsize=4500 ok=1
Cmd: translateComputeKernel
  api=14 insize=3074 outsize=3976 ok=1
Cmd: compileComputeKernel
  api=14 insize=18301 outsize=7409 ok=1
Cmd: translateComputeKernel
  api=14 insize=7503 outsize=13876 ok=1
Cmd: compileComputeKernel
  api=14 insize=66874 outsize=3766 ok=1
Cmd: compileComputeKernel
  api=14 insize=66874 outsize=3621 ok=1
Cmd: compileComputeKernel
  api=14 insize=66874 outsize=4177 ok=1
Cmd: compileComputeKernel
  api=14 insize=66874 outsize=3742 ok=1
Cmd: compileComputeKernel
  api=14 insize=66874 outsize=3442 ok=1
Cmd: compileComputeKernel
  api=14 insize=66874 outsize=3491 ok=1
Cmd: compileComputeKernel
  api=14 insize=66874 outsize=3519 ok=1
Cmd: compileComputeKernel
  api=14 insize=66874 outsize=4051 ok=1
Cmd: compileComputeKernel
  api=14 insize=66874 outsize=4080 ok=1
Cmd: compileComputeKernel
  api=14 insize=66874 outsize=3433 ok=1
Cmd: compileComputeKernel
  api=14 insize=66874 outsize=3726 ok=1
Cmd: translateComputeKernel
  api=14 insize=4447 outsize=4584 ok=1
Cmd: translateComputeKernel
  api=14 insize=4273 outsize=4229 ok=1
Cmd: translateComputeKernel
  api=14 insize=4443 outsize=4537 ok=1
Cmd: translateComputeKernel
  api=14 insize=4548 outsize=4753 ok=1
Cmd: translateComputeKernel
  api=14 insize=4137 outsize=3963 ok=1
Cmd: translateComputeKernel
  api=14 insize=4098 outsize=3923 ok=1
Cmd: translateComputeKernel
  api=14 insize=4333 outsize=4266 ok=1
Cmd: translateComputeKernel
  api=14 insize=4142 outsize=3997 ok=1
Cmd: translateComputeKernel
  api=14 insize=4560 outsize=4688 ok=1
Cmd: translateComputeKernel
  api=14 insize=4698 outsize=5289 ok=1
Cmd: translateComputeKernel
  api=14 insize=4727 outsize=5332 ok=1
Cmd: translateComputeKernel
  api=14 insize=4154 outsize=4084 ok=1
Cmd: translateComputeKernel
  api=14 insize=4155 outsize=4070 ok=1
Cmd: translateComputeKernel
  api=14 insize=4647 outsize=4824 ok=1
Cmd: translateComputeKernel
  api=14 insize=4195 outsize=4127 ok=1
Cmd: compileComputeKernel
  api=14 insize=34089 outsize=2244 ok=1
Cmd: compileComputeKernel
  api=14 insize=34089 outsize=2225 ok=1
Cmd: compileComputeKernel
  api=14 insize=34089 outsize=1150 ok=1
Cmd: compileComputeKernel
  api=14 insize=34089 outsize=2701 ok=1
Cmd: compileComputeKernel
  api=14 insize=34089 outsize=2929 ok=1
Cmd: compileComputeKernel
  api=14 insize=34089 outsize=2808 ok=1
Cmd: compileComputeKernel
  api=14 insize=34089 outsize=2733 ok=1
Cmd: translateComputeKernel
  api=14 insize=2404 outsize=2355 ok=1
Cmd: translateComputeKernel
  api=14 insize=2799 outsize=2877 ok=1
Cmd: translateComputeKernel
  api=14 insize=2552 outsize=2595 ok=1
Cmd: translateComputeKernel
  api=14 insize=2456 outsize=2438 ok=1
Cmd: translateComputeKernel
  api=14 insize=2891 outsize=3522 ok=1
Cmd: translateComputeKernel
  api=14 insize=2979 outsize=3629 ok=1
Cmd: translateComputeKernel
  api=14 insize=2939 outsize=3582 ok=1
Cmd: translateComputeKernel
  api=14 insize=2972 outsize=3449 ok=1
Cmd: compileComputeKernel
  api=14 insize=79248 outsize=12737 ok=1
Cmd: compileComputeKernel
  api=14 insize=79248 outsize=36218 ok=1
Cmd: translateComputeKernel
  api=14 insize=28448 outsize=59956 ok=1
Cmd: compileComputeKernel
  api=14 insize=4442 outsize=3014 ok=1

Quitting shader compiler process
