Base path: '/Applications/Unity/Hub/Editor/2019.4.0f1/Unity.app/Contents', plugins path '/Applications/Unity/Hub/Editor/2019.4.0f1/Unity.app/Contents/PlaybackEngines'
Cmd: initializeCompiler
Cmd: compileComputeKernel
  api=14 insize=12109 outsize=4255 ok=1
Cmd: translateComputeKernel
  api=14 insize=3773 outsize=4537 ok=1
Cmd: compileComputeKernel
  api=14 insize=11985 outsize=2853 ok=1
Cmd: compileComputeKernel
  api=14 insize=11985 outsize=2999 ok=1
Cmd: translateComputeKernel
  api=14 insize=2923 outsize=3721 ok=1
Cmd: translateComputeKernel
  api=14 insize=3074 outsize=3976 ok=1
Cmd: compileComputeKernel
  api=14 insize=18301 outsize=7173 ok=1
Cmd: translateComputeKernel
  api=14 insize=7525 outsize=13520 ok=1
Cmd: compileComputeKernel
  api=14 insize=66874 outsize=3766 ok=1
Cmd: compileComputeKernel
  api=14 insize=66874 outsize=3621 ok=1
Cmd: compileComputeKernel
  api=14 insize=66874 outsize=4213 ok=1
Cmd: compileComputeKernel
  api=14 insize=66874 outsize=3419 ok=1
Cmd: compileComputeKernel
  api=14 insize=66874 outsize=3763 ok=1
Cmd: compileComputeKernel
  api=14 insize=66874 outsize=3679 ok=1
Cmd: compileComputeKernel
  api=14 insize=66874 outsize=3496 ok=1
Cmd: compileComputeKernel
  api=14 insize=66874 outsize=4491 ok=1
Cmd: compileComputeKernel
  api=14 insize=66874 outsize=4230 ok=1
Cmd: compileComputeKernel
  api=14 insize=66874 outsize=5592 ok=1
Cmd: compileComputeKernel
  api=14 insize=66874 outsize=3053 ok=1
Cmd: translateComputeKernel
  api=14 insize=5898 outsize=8249 ok=1
Cmd: translateComputeKernel
  api=14 insize=4364 outsize=4337 ok=1
Cmd: translateComputeKernel
  api=14 insize=4123 outsize=3934 ok=1
Cmd: translateComputeKernel
  api=14 insize=4228 outsize=4157 ok=1
Cmd: translateComputeKernel
  api=14 insize=4141 outsize=3983 ok=1
Cmd: translateComputeKernel
  api=14 insize=4698 outsize=5293 ok=1
Cmd: translateComputeKernel
  api=14 insize=4876 outsize=5583 ok=1
Cmd: translateComputeKernel
  api=14 insize=4115 outsize=3982 ok=1
Cmd: translateComputeKernel
  api=14 insize=4647 outsize=4791 ok=1
Cmd: translateComputeKernel
  api=14 insize=5176 outsize=5858 ok=1
Cmd: translateComputeKernel
  api=14 insize=5039 outsize=8066 ok=1
Cmd: compileComputeKernel
  api=14 insize=34089 outsize=2241 ok=1
Cmd: compileComputeKernel
  api=14 insize=34089 outsize=2326 ok=1
Cmd: compileComputeKernel
  api=14 insize=34089 outsize=2146 ok=1
Cmd: compileComputeKernel
  api=14 insize=34089 outsize=2741 ok=1
Cmd: compileComputeKernel
  api=14 insize=34089 outsize=2969 ok=1
Cmd: compileComputeKernel
  api=14 insize=34089 outsize=2831 ok=1
Cmd: compileComputeKernel
  api=14 insize=34089 outsize=2818 ok=1
Cmd: translateComputeKernel
  api=14 insize=2341 outsize=2246 ok=1
Cmd: translateComputeKernel
  api=14 insize=2637 outsize=2702 ok=1
Cmd: translateComputeKernel
  api=14 insize=1458 outsize=1512 ok=1
Cmd: translateComputeKernel
  api=14 insize=2385 outsize=2304 ok=1
Cmd: translateComputeKernel
  api=14 insize=3527 outsize=4625 ok=1
Cmd: translateComputeKernel
  api=14 insize=2973 outsize=3622 ok=1
Cmd: translateComputeKernel
  api=14 insize=2944 outsize=3408 ok=1
Cmd: translateComputeKernel
  api=14 insize=3251 outsize=3962 ok=1
Cmd: compileComputeKernel
  api=14 insize=79248 outsize=23562 ok=1
Cmd: translateComputeKernel
  api=14 insize=28063 outsize=58959 ok=1
Cmd: translateComputeKernel
  api=14 insize=3072 outsize=4163 ok=1

Quitting shader compiler process
