Base path: '/Applications/Unity/Hub/Editor/2019.4.0f1/Unity.app/Contents', plugins path '/Applications/Unity/Hub/Editor/2019.4.0f1/Unity.app/Contents/PlaybackEngines'
Cmd: initializeCompiler
Cmd: compileComputeKernel
  api=14 insize=12109 outsize=3656 ok=1
Cmd: translateComputeKernel
  api=14 insize=3829 outsize=4729 ok=1
Cmd: compileComputeKernel
  api=14 insize=11985 outsize=3293 ok=1
Cmd: translateComputeKernel
  api=14 insize=3008 outsize=3864 ok=1
Cmd: translateComputeKernel
  api=14 insize=2986 outsize=3800 ok=1
Cmd: compileComputeKernel
  api=14 insize=18301 outsize=4904 ok=1
Cmd: translateComputeKernel
  api=14 insize=4973 outsize=8293 ok=1
Cmd: compileComputeKernel
  api=14 insize=66874 outsize=5415 ok=1
Cmd: compileComputeKernel
  api=14 insize=66874 outsize=3799 ok=1
Cmd: compileComputeKernel
  api=14 insize=66874 outsize=3416 ok=1
Cmd: compileComputeKernel
  api=14 insize=66874 outsize=3652 ok=1
Cmd: compileComputeKernel
  api=14 insize=66874 outsize=4093 ok=1
Cmd: compileComputeKernel
  api=14 insize=66874 outsize=4055 ok=1
Cmd: compileComputeKernel
  api=14 insize=66874 outsize=4206 ok=1
Cmd: compileComputeKernel
  api=14 insize=66874 outsize=4230 ok=1
Cmd: compileComputeKernel
  api=14 insize=66874 outsize=3434 ok=1
Cmd: compileComputeKernel
  api=14 insize=66874 outsize=3559 ok=1
Cmd: translateComputeKernel
  api=14 insize=5598 outsize=7129 ok=1
Cmd: translateComputeKernel
  api=14 insize=4308 outsize=4467 ok=1
Cmd: translateComputeKernel
  api=14 insize=4100 outsize=3917 ok=1
Cmd: translateComputeKernel
  api=14 insize=4444 outsize=4509 ok=1
Cmd: translateComputeKernel
  api=14 insize=4142 outsize=3997 ok=1
Cmd: translateComputeKernel
  api=14 insize=4097 outsize=3921 ok=1
Cmd: translateComputeKernel
  api=14 insize=4698 outsize=5289 ok=1
Cmd: translateComputeKernel
  api=14 insize=4735 outsize=5341 ok=1
Cmd: translateComputeKernel
  api=14 insize=4877 outsize=5584 ok=1
Cmd: translateComputeKernel
  api=14 insize=4321 outsize=4319 ok=1
Cmd: translateComputeKernel
  api=14 insize=4181 outsize=4013 ok=1
Cmd: translateComputeKernel
  api=14 insize=3734 outsize=3168 ok=1
Cmd: compileComputeKernel
  api=14 insize=72903 outsize=4088 ok=1
Cmd: compileComputeKernel
  api=14 insize=34089 outsize=2146 ok=1
Cmd: compileComputeKernel
  api=14 insize=34089 outsize=1319 ok=1
Cmd: compileComputeKernel
  api=14 insize=34089 outsize=2268 ok=1
Cmd: compileComputeKernel
  api=14 insize=34089 outsize=2764 ok=1
Cmd: compileComputeKernel
  api=14 insize=34089 outsize=2992 ok=1
Cmd: compileComputeKernel
  api=14 insize=34089 outsize=2768 ok=1
Cmd: compileComputeKernel
  api=14 insize=34089 outsize=2778 ok=1
Cmd: translateComputeKernel
  api=14 insize=1403 outsize=1441 ok=1
Cmd: translateComputeKernel
  api=14 insize=2378 outsize=2284 ok=1
Cmd: translateComputeKernel
  api=14 insize=2480 outsize=2481 ok=1
Cmd: translateComputeKernel
  api=14 insize=2341 outsize=2246 ok=1
Cmd: translateComputeKernel
  api=14 insize=2799 outsize=3150 ok=1
Cmd: translateComputeKernel
  api=14 insize=3121 outsize=3659 ok=1
Cmd: translateComputeKernel
  api=14 insize=2996 outsize=3492 ok=1
Cmd: translateComputeKernel
  api=14 insize=2944 outsize=3407 ok=1
Cmd: translateComputeKernel
  api=14 insize=2909 outsize=3557 ok=1
Cmd: compileComputeKernel
  api=14 insize=79248 outsize=15948 ok=1
Cmd: translateComputeKernel
  api=14 insize=9142 outsize=17892 ok=1
Cmd: translateComputeKernel
  api=14 insize=5858 outsize=9983 ok=1
Cmd: translateComputeKernel
  api=14 insize=4542 outsize=7288 ok=1
Cmd: translateComputeKernel
  api=14 insize=5183 outsize=9301 ok=1
Cmd: translateComputeKernel
  api=14 insize=3482 outsize=4733 ok=1
Cmd: translateComputeKernel
  api=14 insize=13637 outsize=26114 ok=1
Cmd: compileComputeKernel
  api=14 insize=4442 outsize=2713 ok=1
Cmd: compileComputeKernel
  api=14 insize=1900 outsize=4426 ok=1
Cmd: translateComputeKernel
  api=14 insize=4426 outsize=8090 ok=1

Quitting shader compiler process
