Base path: '/Applications/Unity/Hub/Editor/2019.4.0f1/Unity.app/Contents', plugins path '/Applications/Unity/Hub/Editor/2019.4.0f1/Unity.app/Contents/PlaybackEngines'
Cmd: initializeCompiler
Cmd: compileComputeKernel
  api=14 insize=12109 outsize=2926 ok=1
Cmd: translateComputeKernel
  api=14 insize=3049 outsize=3276 ok=1
Cmd: translateComputeKernel
  api=14 insize=3256 outsize=3557 ok=1
Cmd: compileComputeKernel
  api=14 insize=11985 outsize=3293 ok=1
Cmd: compileComputeKernel
  api=14 insize=11985 outsize=3004 ok=1
Cmd: translateComputeKernel
  api=14 insize=2923 outsize=3721 ok=1
Cmd: translateComputeKernel
  api=14 insize=2955 outsize=3763 ok=1
Cmd: compileComputeKernel
  api=14 insize=18301 outsize=3881 ok=1
Cmd: translateComputeKernel
  api=14 insize=3895 outsize=5329 ok=1
Cmd: compileComputeKernel
  api=14 insize=66874 outsize=4002 ok=1
Cmd: compileComputeKernel
  api=14 insize=66874 outsize=4614 ok=1
Cmd: compileComputeKernel
  api=14 insize=66874 outsize=3933 ok=1
Cmd: compileComputeKernel
  api=14 insize=66874 outsize=3417 ok=1
Cmd: compileComputeKernel
  api=14 insize=66874 outsize=3515 ok=1
Cmd: compileComputeKernel
  api=14 insize=66874 outsize=3443 ok=1
Cmd: compileComputeKernel
  api=14 insize=66874 outsize=3712 ok=1
Cmd: compileComputeKernel
  api=14 insize=66874 outsize=4051 ok=1
Cmd: compileComputeKernel
  api=14 insize=66874 outsize=4081 ok=1
Cmd: compileComputeKernel
  api=14 insize=66874 outsize=3474 ok=1
Cmd: compileComputeKernel
  api=14 insize=66874 outsize=3559 ok=1
Cmd: translateComputeKernel
  api=14 insize=15865 outsize=28557 ok=1
Cmd: compileComputeKernel
  api=14 insize=34089 outsize=1157 ok=1
Cmd: compileComputeKernel
  api=14 insize=34089 outsize=2382 ok=1
Cmd: compileComputeKernel
  api=14 insize=34089 outsize=2173 ok=1
Cmd: compileComputeKernel
  api=14 insize=34089 outsize=2249 ok=1
Cmd: compileComputeKernel
  api=14 insize=34089 outsize=3433 ok=1
Cmd: compileComputeKernel
  api=14 insize=34089 outsize=2914 ok=1
Cmd: compileComputeKernel
  api=14 insize=34089 outsize=2756 ok=1
Cmd: translateComputeKernel
  api=14 insize=2349 outsize=2250 ok=1
Cmd: translateComputeKernel
  api=14 insize=2545 outsize=2509 ok=1
Cmd: translateComputeKernel
  api=14 insize=2386 outsize=2318 ok=1
Cmd: translateComputeKernel
  api=14 insize=1403 outsize=1441 ok=1
Cmd: translateComputeKernel
  api=14 insize=2735 outsize=2953 ok=1
Cmd: translateComputeKernel
  api=14 insize=3121 outsize=3659 ok=1
Cmd: translateComputeKernel
  api=14 insize=2996 outsize=3492 ok=1
Cmd: translateComputeKernel
  api=14 insize=2921 outsize=3545 ok=1
Cmd: translateComputeKernel
  api=14 insize=3264 outsize=3956 ok=1
Cmd: compileComputeKernel
  api=14 insize=79248 outsize=12236 ok=1
Cmd: compileComputeKernel
  api=14 insize=79248 outsize=14212 ok=1
Cmd: translateComputeKernel
  api=14 insize=13863 outsize=26418 ok=1
Cmd: compileComputeKernel
  api=14 insize=4442 outsize=2858 ok=1

Quitting shader compiler process
